<?xml version="1.0" encoding="UTF-8"?>
<testng-results skipped="0" failed="0" ignored="0" total="1" passed="1">
  <reporter-output>
  </reporter-output>
  <suite name="Default suite" duration-ms="8164" started-at="2018-04-09T16:43:00Z" finished-at="2018-04-09T16:43:08Z">
    <groups>
    </groups>
    <test name="Default test" duration-ms="8164" started-at="2018-04-09T16:43:00Z" finished-at="2018-04-09T16:43:08Z">
      <class name="com.news.selenium.EthDatabaseTest">
        <test-method status="PASS" signature="setup()[pri:0, instance:com.news.selenium.EthDatabaseTest@612fc6eb]" name="setup" is-config="true" duration-ms="2848" started-at="2018-04-09T23:43:00Z" finished-at="2018-04-09T23:43:03Z">
          <reporter-output>
          </reporter-output>
        </test-method> <!-- setup -->
        <test-method status="PASS" signature="insertArticle()[pri:0, instance:com.news.selenium.EthDatabaseTest@612fc6eb]" name="insertArticle" duration-ms="5297" started-at="2018-04-09T23:43:03Z" finished-at="2018-04-09T23:43:08Z">
          <reporter-output>
          </reporter-output>
        </test-method> <!-- insertArticle -->
        <test-method status="PASS" signature="tearDown()[pri:0, instance:com.news.selenium.EthDatabaseTest@612fc6eb]" name="tearDown" is-config="true" duration-ms="2" started-at="2018-04-09T23:43:08Z" finished-at="2018-04-09T23:43:08Z">
          <reporter-output>
          </reporter-output>
        </test-method> <!-- tearDown -->
      </class> <!-- com.news.selenium.EthDatabaseTest -->
    </test> <!-- Default test -->
  </suite> <!-- Default suite -->
</testng-results>
